<!DOCTYPE html>

<html>
  <head>
  <meta charset='utf-8'>
  <title>TestNG reports</title>

    <link type="text/css" href="testng-reports.css" rel="stylesheet" />
    <script type="text/javascript" src="jquery-3.4.1.min.js"></script>
    <script type="text/javascript" src="testng-reports.js"></script>
    <script type="text/javascript" src="https://www.google.com/jsapi"></script>
    <script type='text/javascript'>
      google.load('visualization', '1', {packages:['table']});
      google.setOnLoadCallback(drawTable);
      var suiteTableInitFunctions = new Array();
      var suiteTableData = new Array();
    </script>
    <!--
      <script type="text/javascript" src="jquery-ui/js/jquery-ui-1.8.16.custom.min.js"></script>
     -->
  </head>

  <body>
    <div class="top-banner-root">
      <span class="top-banner-title-font">Test results</span>
      <br/>
      <span class="top-banner-font-1">1 suite, 8 failed tests</span>
    </div> <!-- top-banner-root -->
    <div class="navigator-root">
      <div class="navigator-suite-header">
        <span>All suites</span>
        <a href="#" class="collapse-all-link" title="Collapse/expand all the suites">
          <img class="collapse-all-icon" src="collapseall.gif">
          </img> <!-- collapse-all-icon -->
        </a> <!-- collapse-all-link -->
      </div> <!-- navigator-suite-header -->
      <div class="suite">
        <div class="rounded-window">
          <div class="suite-header light-rounded-window-top">
            <a href="#" class="navigator-link" panel-name="suite-Default_suite">
              <span class="suite-name border-failed">Default suite</span>
            </a> <!-- navigator-link -->
          </div> <!-- suite-header light-rounded-window-top -->
          <div class="navigator-suite-content">
            <div class="suite-section-title">
              <span>Info</span>
            </div> <!-- suite-section-title -->
            <div class="suite-section-content">
              <ul>
                <li>
                  <a href="#" class="navigator-link " panel-name="test-xml-Default_suite">
                    <span>C:\Users\user\AppData\Local\Temp\testng-eclipse-1686511831\testng-customsuite.xml</span>
                  </a> <!-- navigator-link  -->
                </li>
                <li>
                  <a href="#" class="navigator-link " panel-name="testlist-Default_suite">
                    <span class="test-stats">1 test</span>
                  </a> <!-- navigator-link  -->
                </li>
                <li>
                  <a href="#" class="navigator-link " panel-name="group-Default_suite">
                    <span>0 groups</span>
                  </a> <!-- navigator-link  -->
                </li>
                <li>
                  <a href="#" class="navigator-link " panel-name="times-Default_suite">
                    <span>Times</span>
                  </a> <!-- navigator-link  -->
                </li>
                <li>
                  <a href="#" class="navigator-link " panel-name="reporter-Default_suite">
                    <span>Reporter output</span>
                  </a> <!-- navigator-link  -->
                </li>
                <li>
                  <a href="#" class="navigator-link " panel-name="ignored-methods-Default_suite">
                    <span>Ignored methods</span>
                  </a> <!-- navigator-link  -->
                </li>
                <li>
                  <a href="#" class="navigator-link " panel-name="chronological-Default_suite">
                    <span>Chronological view</span>
                  </a> <!-- navigator-link  -->
                </li>
              </ul>
            </div> <!-- suite-section-content -->
            <div class="result-section">
              <div class="suite-section-title">
                <span>Results</span>
              </div> <!-- suite-section-title -->
              <div class="suite-section-content">
                <ul>
                  <li>
                    <span class="method-stats">19 methods, 8 failed,   11 passed</span>
                  </li>
                  <li>
                    <span class="method-list-title failed">Failed methods</span>
                    <span class="show-or-hide-methods failed">
                      <a href="#" panel-name="suite-Default_suite" class="hide-methods failed suite-Default_suite"> (hide)</a> <!-- hide-methods failed suite-Default_suite -->
                      <a href="#" panel-name="suite-Default_suite" class="show-methods failed suite-Default_suite"> (show)</a> <!-- show-methods failed suite-Default_suite -->
                    </span>
                    <div class="method-list-content failed suite-Default_suite">
                      <span>
                        <img width="3%" src="failed.png"/>
                        <a href="#" class="method navigator-link" panel-name="suite-Default_suite" title="testcases.TestCases" hash-for-method="checkThatFirstNameMustStartWithCapitalLetter">checkThatFirstNameMustStartWithCapitalLetter</a> <!-- method navigator-link -->
                      </span>
                      <br/>
                      <span>
                        <img width="3%" src="failed.png"/>
                        <a href="#" class="method navigator-link" panel-name="suite-Default_suite" title="testcases.TestCases" hash-for-method="checkThatFirstNameNotEqualLastName">checkThatFirstNameNotEqualLastName</a> <!-- method navigator-link -->
                      </span>
                      <br/>
                      <span>
                        <img width="3%" src="failed.png"/>
                        <a href="#" class="method navigator-link" panel-name="suite-Default_suite" title="testcases.TestCases" hash-for-method="checkThatLastNameMustStartWithCapitalLetter">checkThatLastNameMustStartWithCapitalLetter</a> <!-- method navigator-link -->
                      </span>
                      <br/>
                      <span>
                        <img width="3%" src="failed.png"/>
                        <a href="#" class="method navigator-link" panel-name="suite-Default_suite" title="testcases.TestCases" hash-for-method="checkThatPasswordFieldMustNotExceedEightCharacters">checkThatPasswordFieldMustNotExceedEightCharacters</a> <!-- method navigator-link -->
                      </span>
                      <br/>
                      <span>
                        <img width="3%" src="failed.png"/>
                        <a href="#" class="method navigator-link" panel-name="suite-Default_suite" title="testcases.TestCases" hash-for-method="checkThatPasswordFieldShouldHaveCapitalLetter">checkThatPasswordFieldShouldHaveCapitalLetter</a> <!-- method navigator-link -->
                      </span>
                      <br/>
                      <span>
                        <img width="3%" src="failed.png"/>
                        <a href="#" class="method navigator-link" panel-name="suite-Default_suite" title="testcases.TestCases" hash-for-method="checkThatPasswordFieldShouldHaveSmalLetter">checkThatPasswordFieldShouldHaveSmalLetter</a> <!-- method navigator-link -->
                      </span>
                      <br/>
                      <span>
                        <img width="3%" src="failed.png"/>
                        <a href="#" class="method navigator-link" panel-name="suite-Default_suite" title="testcases.TestCases" hash-for-method="checkThatSystemValidateMobileNumberCorrectly">checkThatSystemValidateMobileNumberCorrectly</a> <!-- method navigator-link -->
                      </span>
                      <br/>
                      <span>
                        <img width="3%" src="failed.png"/>
                        <a href="#" class="method navigator-link" panel-name="suite-Default_suite" title="testcases.TestCases" hash-for-method="checkThatSystemValidateMobileNumberNotLessThanElevenNumbers">checkThatSystemValidateMobileNumberNotLessThanElevenNumbers</a> <!-- method navigator-link -->
                      </span>
                      <br/>
                    </div> <!-- method-list-content failed suite-Default_suite -->
                  </li>
                  <li>
                    <span class="method-list-title passed">Passed methods</span>
                    <span class="show-or-hide-methods passed">
                      <a href="#" panel-name="suite-Default_suite" class="hide-methods passed suite-Default_suite"> (hide)</a> <!-- hide-methods passed suite-Default_suite -->
                      <a href="#" panel-name="suite-Default_suite" class="show-methods passed suite-Default_suite"> (show)</a> <!-- show-methods passed suite-Default_suite -->
                    </span>
                    <div class="method-list-content passed suite-Default_suite">
                      <span>
                        <img width="3%" src="passed.png"/>
                        <a href="#" class="method navigator-link" panel-name="suite-Default_suite" title="testcases.TestCases" hash-for-method="checkThatConfirmPasswordIsMandatoryField">checkThatConfirmPasswordIsMandatoryField</a> <!-- method navigator-link -->
                      </span>
                      <br/>
                      <span>
                        <img width="3%" src="passed.png"/>
                        <a href="#" class="method navigator-link" panel-name="suite-Default_suite" title="testcases.TestCases" hash-for-method="checkThatEmailAddressShouldBeUniqueForEachUser">checkThatEmailAddressShouldBeUniqueForEachUser</a> <!-- method navigator-link -->
                      </span>
                      <br/>
                      <span>
                        <img width="3%" src="passed.png"/>
                        <a href="#" class="method navigator-link" panel-name="suite-Default_suite" title="testcases.TestCases" hash-for-method="checkThatEmailIsMandatoryField">checkThatEmailIsMandatoryField</a> <!-- method navigator-link -->
                      </span>
                      <br/>
                      <span>
                        <img width="3%" src="passed.png"/>
                        <a href="#" class="method navigator-link" panel-name="suite-Default_suite" title="testcases.TestCases" hash-for-method="checkThatFirstNameIsMandatoryField">checkThatFirstNameIsMandatoryField</a> <!-- method navigator-link -->
                      </span>
                      <br/>
                      <span>
                        <img width="3%" src="passed.png"/>
                        <a href="#" class="method navigator-link" panel-name="suite-Default_suite" title="testcases.TestCases" hash-for-method="checkThatLastNameIsMandatoryField">checkThatLastNameIsMandatoryField</a> <!-- method navigator-link -->
                      </span>
                      <br/>
                      <span>
                        <img width="3%" src="passed.png"/>
                        <a href="#" class="method navigator-link" panel-name="suite-Default_suite" title="testcases.TestCases" hash-for-method="checkThatMobileNumberIsMandtoryField">checkThatMobileNumberIsMandtoryField</a> <!-- method navigator-link -->
                      </span>
                      <br/>
                      <span>
                        <img width="3%" src="passed.png"/>
                        <a href="#" class="method navigator-link" panel-name="suite-Default_suite" title="testcases.TestCases" hash-for-method="checkThatPasswordAndConfirmPasswordFieldsAreEqual">checkThatPasswordAndConfirmPasswordFieldsAreEqual</a> <!-- method navigator-link -->
                      </span>
                      <br/>
                      <span>
                        <img width="3%" src="passed.png"/>
                        <a href="#" class="method navigator-link" panel-name="suite-Default_suite" title="testcases.TestCases" hash-for-method="checkThatPasswordFieldMustNotLessThanSixCharacters">checkThatPasswordFieldMustNotLessThanSixCharacters</a> <!-- method navigator-link -->
                      </span>
                      <br/>
                      <span>
                        <img width="3%" src="passed.png"/>
                        <a href="#" class="method navigator-link" panel-name="suite-Default_suite" title="testcases.TestCases" hash-for-method="checkThatPasswordIsMandatoryField">checkThatPasswordIsMandatoryField</a> <!-- method navigator-link -->
                      </span>
                      <br/>
                      <span>
                        <img width="3%" src="passed.png"/>
                        <a href="#" class="method navigator-link" panel-name="suite-Default_suite" title="testcases.TestCases" hash-for-method="checkThatSystemValidateTheEmailAddressFormatCorrectly">checkThatSystemValidateTheEmailAddressFormatCorrectly</a> <!-- method navigator-link -->
                      </span>
                      <br/>
                      <span>
                        <img width="3%" src="passed.png"/>
                        <a href="#" class="method navigator-link" panel-name="suite-Default_suite" title="testcases.TestCases" hash-for-method="checkThatUserCanRegisterOnTheWebsiteSuccessfully">checkThatUserCanRegisterOnTheWebsiteSuccessfully</a> <!-- method navigator-link -->
                      </span>
                      <br/>
                    </div> <!-- method-list-content passed suite-Default_suite -->
                  </li>
                </ul>
              </div> <!-- suite-section-content -->
            </div> <!-- result-section -->
          </div> <!-- navigator-suite-content -->
        </div> <!-- rounded-window -->
      </div> <!-- suite -->
    </div> <!-- navigator-root -->
    <div class="wrapper">
      <div class="main-panel-root">
        <div panel-name="suite-Default_suite" class="panel Default_suite">
          <div class="suite-Default_suite-class-failed">
            <div class="main-panel-header rounded-window-top">
              <img src="failed.png"/>
              <span class="class-name">testcases.TestCases</span>
            </div> <!-- main-panel-header rounded-window-top -->
            <div class="main-panel-content rounded-window-bottom">
              <div class="method">
                <div class="method-content">
                  <a name="checkThatFirstNameMustStartWithCapitalLetter">
                  </a> <!-- checkThatFirstNameMustStartWithCapitalLetter -->
                  <span class="method-name">checkThatFirstNameMustStartWithCapitalLetter</span>
                  <div class="stack-trace">java.lang.AssertionError: System not validate that first name must start with capital letter or error message not appear
	at org.testng.Assert.fail(Assert.java:97)
	at testcases.TestCases.checkThatFirstNameMustStartWithCapitalLetter(TestCases.java:157)
	at sun.reflect.NativeMethodAccessorImpl.invoke0(Native Method)
	at sun.reflect.NativeMethodAccessorImpl.invoke(Unknown Source)
	at sun.reflect.DelegatingMethodAccessorImpl.invoke(Unknown Source)
	at java.lang.reflect.Method.invoke(Unknown Source)
	at org.testng.internal.MethodInvocationHelper.invokeMethod(MethodInvocationHelper.java:134)
	at org.testng.internal.TestInvoker.invokeMethod(TestInvoker.java:597)
	at org.testng.internal.TestInvoker.invokeTestMethod(TestInvoker.java:173)
	at org.testng.internal.MethodRunner.runInSequence(MethodRunner.java:46)
	at org.testng.internal.TestInvoker$MethodInvocationAgent.invoke(TestInvoker.java:816)
	at org.testng.internal.TestInvoker.invokeTestMethods(TestInvoker.java:146)
	at org.testng.internal.TestMethodWorker.invokeTestMethods(TestMethodWorker.java:146)
	at org.testng.internal.TestMethodWorker.run(TestMethodWorker.java:128)
	at java.util.ArrayList.forEach(Unknown Source)
	at org.testng.TestRunner.privateRun(TestRunner.java:766)
	at org.testng.TestRunner.run(TestRunner.java:587)
	at org.testng.SuiteRunner.runTest(SuiteRunner.java:384)
	at org.testng.SuiteRunner.runSequentially(SuiteRunner.java:378)
	at org.testng.SuiteRunner.privateRun(SuiteRunner.java:337)
	at org.testng.SuiteRunner.run(SuiteRunner.java:286)
	at org.testng.SuiteRunnerWorker.runSuite(SuiteRunnerWorker.java:53)
	at org.testng.SuiteRunnerWorker.run(SuiteRunnerWorker.java:96)
	at org.testng.TestNG.runSuitesSequentially(TestNG.java:1187)
	at org.testng.TestNG.runSuitesLocally(TestNG.java:1109)
	at org.testng.TestNG.runSuites(TestNG.java:1039)
	at org.testng.TestNG.run(TestNG.java:1007)
	at org.testng.remote.AbstractRemoteTestNG.run(AbstractRemoteTestNG.java:115)
	at org.testng.remote.RemoteTestNG.initAndRun(RemoteTestNG.java:251)
	at org.testng.remote.RemoteTestNG.main(RemoteTestNG.java:77)

</div> <!-- stack-trace -->
                </div> <!-- method-content -->
              </div> <!-- method -->
              <div class="method">
                <div class="method-content">
                  <a name="checkThatFirstNameNotEqualLastName">
                  </a> <!-- checkThatFirstNameNotEqualLastName -->
                  <span class="method-name">checkThatFirstNameNotEqualLastName</span>
                  <div class="stack-trace">java.lang.AssertionError: System not validate that last name must not equal first name or error message not appear
	at org.testng.Assert.fail(Assert.java:97)
	at testcases.TestCases.checkThatFirstNameNotEqualLastName(TestCases.java:221)
	at sun.reflect.NativeMethodAccessorImpl.invoke0(Native Method)
	at sun.reflect.NativeMethodAccessorImpl.invoke(Unknown Source)
	at sun.reflect.DelegatingMethodAccessorImpl.invoke(Unknown Source)
	at java.lang.reflect.Method.invoke(Unknown Source)
	at org.testng.internal.MethodInvocationHelper.invokeMethod(MethodInvocationHelper.java:134)
	at org.testng.internal.TestInvoker.invokeMethod(TestInvoker.java:597)
	at org.testng.internal.TestInvoker.invokeTestMethod(TestInvoker.java:173)
	at org.testng.internal.MethodRunner.runInSequence(MethodRunner.java:46)
	at org.testng.internal.TestInvoker$MethodInvocationAgent.invoke(TestInvoker.java:816)
	at org.testng.internal.TestInvoker.invokeTestMethods(TestInvoker.java:146)
	at org.testng.internal.TestMethodWorker.invokeTestMethods(TestMethodWorker.java:146)
	at org.testng.internal.TestMethodWorker.run(TestMethodWorker.java:128)
	at java.util.ArrayList.forEach(Unknown Source)
	at org.testng.TestRunner.privateRun(TestRunner.java:766)
	at org.testng.TestRunner.run(TestRunner.java:587)
	at org.testng.SuiteRunner.runTest(SuiteRunner.java:384)
	at org.testng.SuiteRunner.runSequentially(SuiteRunner.java:378)
	at org.testng.SuiteRunner.privateRun(SuiteRunner.java:337)
	at org.testng.SuiteRunner.run(SuiteRunner.java:286)
	at org.testng.SuiteRunnerWorker.runSuite(SuiteRunnerWorker.java:53)
	at org.testng.SuiteRunnerWorker.run(SuiteRunnerWorker.java:96)
	at org.testng.TestNG.runSuitesSequentially(TestNG.java:1187)
	at org.testng.TestNG.runSuitesLocally(TestNG.java:1109)
	at org.testng.TestNG.runSuites(TestNG.java:1039)
	at org.testng.TestNG.run(TestNG.java:1007)
	at org.testng.remote.AbstractRemoteTestNG.run(AbstractRemoteTestNG.java:115)
	at org.testng.remote.RemoteTestNG.initAndRun(RemoteTestNG.java:251)
	at org.testng.remote.RemoteTestNG.main(RemoteTestNG.java:77)

</div> <!-- stack-trace -->
                </div> <!-- method-content -->
              </div> <!-- method -->
              <div class="method">
                <div class="method-content">
                  <a name="checkThatLastNameMustStartWithCapitalLetter">
                  </a> <!-- checkThatLastNameMustStartWithCapitalLetter -->
                  <span class="method-name">checkThatLastNameMustStartWithCapitalLetter</span>
                  <div class="stack-trace">java.lang.AssertionError: System not validate that last name must start with capital letter or error message not appear
	at org.testng.Assert.fail(Assert.java:97)
	at testcases.TestCases.checkThatLastNameMustStartWithCapitalLetter(TestCases.java:189)
	at sun.reflect.NativeMethodAccessorImpl.invoke0(Native Method)
	at sun.reflect.NativeMethodAccessorImpl.invoke(Unknown Source)
	at sun.reflect.DelegatingMethodAccessorImpl.invoke(Unknown Source)
	at java.lang.reflect.Method.invoke(Unknown Source)
	at org.testng.internal.MethodInvocationHelper.invokeMethod(MethodInvocationHelper.java:134)
	at org.testng.internal.TestInvoker.invokeMethod(TestInvoker.java:597)
	at org.testng.internal.TestInvoker.invokeTestMethod(TestInvoker.java:173)
	at org.testng.internal.MethodRunner.runInSequence(MethodRunner.java:46)
	at org.testng.internal.TestInvoker$MethodInvocationAgent.invoke(TestInvoker.java:816)
	at org.testng.internal.TestInvoker.invokeTestMethods(TestInvoker.java:146)
	at org.testng.internal.TestMethodWorker.invokeTestMethods(TestMethodWorker.java:146)
	at org.testng.internal.TestMethodWorker.run(TestMethodWorker.java:128)
	at java.util.ArrayList.forEach(Unknown Source)
	at org.testng.TestRunner.privateRun(TestRunner.java:766)
	at org.testng.TestRunner.run(TestRunner.java:587)
	at org.testng.SuiteRunner.runTest(SuiteRunner.java:384)
	at org.testng.SuiteRunner.runSequentially(SuiteRunner.java:378)
	at org.testng.SuiteRunner.privateRun(SuiteRunner.java:337)
	at org.testng.SuiteRunner.run(SuiteRunner.java:286)
	at org.testng.SuiteRunnerWorker.runSuite(SuiteRunnerWorker.java:53)
	at org.testng.SuiteRunnerWorker.run(SuiteRunnerWorker.java:96)
	at org.testng.TestNG.runSuitesSequentially(TestNG.java:1187)
	at org.testng.TestNG.runSuitesLocally(TestNG.java:1109)
	at org.testng.TestNG.runSuites(TestNG.java:1039)
	at org.testng.TestNG.run(TestNG.java:1007)
	at org.testng.remote.AbstractRemoteTestNG.run(AbstractRemoteTestNG.java:115)
	at org.testng.remote.RemoteTestNG.initAndRun(RemoteTestNG.java:251)
	at org.testng.remote.RemoteTestNG.main(RemoteTestNG.java:77)

</div> <!-- stack-trace -->
                </div> <!-- method-content -->
              </div> <!-- method -->
              <div class="method">
                <div class="method-content">
                  <a name="checkThatPasswordFieldMustNotExceedEightCharacters">
                  </a> <!-- checkThatPasswordFieldMustNotExceedEightCharacters -->
                  <span class="method-name">checkThatPasswordFieldMustNotExceedEightCharacters</span>
                  <div class="stack-trace">java.lang.AssertionError: System not validate that password field should not exceed 11 characters or error message not appear
	at org.testng.Assert.fail(Assert.java:97)
	at testcases.TestCases.checkThatPasswordFieldMustNotExceedEightCharacters(TestCases.java:379)
	at sun.reflect.NativeMethodAccessorImpl.invoke0(Native Method)
	at sun.reflect.NativeMethodAccessorImpl.invoke(Unknown Source)
	at sun.reflect.DelegatingMethodAccessorImpl.invoke(Unknown Source)
	at java.lang.reflect.Method.invoke(Unknown Source)
	at org.testng.internal.MethodInvocationHelper.invokeMethod(MethodInvocationHelper.java:134)
	at org.testng.internal.TestInvoker.invokeMethod(TestInvoker.java:597)
	at org.testng.internal.TestInvoker.invokeTestMethod(TestInvoker.java:173)
	at org.testng.internal.MethodRunner.runInSequence(MethodRunner.java:46)
	at org.testng.internal.TestInvoker$MethodInvocationAgent.invoke(TestInvoker.java:816)
	at org.testng.internal.TestInvoker.invokeTestMethods(TestInvoker.java:146)
	at org.testng.internal.TestMethodWorker.invokeTestMethods(TestMethodWorker.java:146)
	at org.testng.internal.TestMethodWorker.run(TestMethodWorker.java:128)
	at java.util.ArrayList.forEach(Unknown Source)
	at org.testng.TestRunner.privateRun(TestRunner.java:766)
	at org.testng.TestRunner.run(TestRunner.java:587)
	at org.testng.SuiteRunner.runTest(SuiteRunner.java:384)
	at org.testng.SuiteRunner.runSequentially(SuiteRunner.java:378)
	at org.testng.SuiteRunner.privateRun(SuiteRunner.java:337)
	at org.testng.SuiteRunner.run(SuiteRunner.java:286)
	at org.testng.SuiteRunnerWorker.runSuite(SuiteRunnerWorker.java:53)
	at org.testng.SuiteRunnerWorker.run(SuiteRunnerWorker.java:96)
	at org.testng.TestNG.runSuitesSequentially(TestNG.java:1187)
	at org.testng.TestNG.runSuitesLocally(TestNG.java:1109)
	at org.testng.TestNG.runSuites(TestNG.java:1039)
	at org.testng.TestNG.run(TestNG.java:1007)
	at org.testng.remote.AbstractRemoteTestNG.run(AbstractRemoteTestNG.java:115)
	at org.testng.remote.RemoteTestNG.initAndRun(RemoteTestNG.java:251)
	at org.testng.remote.RemoteTestNG.main(RemoteTestNG.java:77)

</div> <!-- stack-trace -->
                </div> <!-- method-content -->
              </div> <!-- method -->
              <div class="method">
                <div class="method-content">
                  <a name="checkThatPasswordFieldShouldHaveCapitalLetter">
                  </a> <!-- checkThatPasswordFieldShouldHaveCapitalLetter -->
                  <span class="method-name">checkThatPasswordFieldShouldHaveCapitalLetter</span>
                  <div class="stack-trace">java.lang.AssertionError: System not validate that password field should have at least one capital letter or error message not appear
	at org.testng.Assert.fail(Assert.java:97)
	at testcases.TestCases.checkThatPasswordFieldShouldHaveCapitalLetter(TestCases.java:317)
	at sun.reflect.NativeMethodAccessorImpl.invoke0(Native Method)
	at sun.reflect.NativeMethodAccessorImpl.invoke(Unknown Source)
	at sun.reflect.DelegatingMethodAccessorImpl.invoke(Unknown Source)
	at java.lang.reflect.Method.invoke(Unknown Source)
	at org.testng.internal.MethodInvocationHelper.invokeMethod(MethodInvocationHelper.java:134)
	at org.testng.internal.TestInvoker.invokeMethod(TestInvoker.java:597)
	at org.testng.internal.TestInvoker.invokeTestMethod(TestInvoker.java:173)
	at org.testng.internal.MethodRunner.runInSequence(MethodRunner.java:46)
	at org.testng.internal.TestInvoker$MethodInvocationAgent.invoke(TestInvoker.java:816)
	at org.testng.internal.TestInvoker.invokeTestMethods(TestInvoker.java:146)
	at org.testng.internal.TestMethodWorker.invokeTestMethods(TestMethodWorker.java:146)
	at org.testng.internal.TestMethodWorker.run(TestMethodWorker.java:128)
	at java.util.ArrayList.forEach(Unknown Source)
	at org.testng.TestRunner.privateRun(TestRunner.java:766)
	at org.testng.TestRunner.run(TestRunner.java:587)
	at org.testng.SuiteRunner.runTest(SuiteRunner.java:384)
	at org.testng.SuiteRunner.runSequentially(SuiteRunner.java:378)
	at org.testng.SuiteRunner.privateRun(SuiteRunner.java:337)
	at org.testng.SuiteRunner.run(SuiteRunner.java:286)
	at org.testng.SuiteRunnerWorker.runSuite(SuiteRunnerWorker.java:53)
	at org.testng.SuiteRunnerWorker.run(SuiteRunnerWorker.java:96)
	at org.testng.TestNG.runSuitesSequentially(TestNG.java:1187)
	at org.testng.TestNG.runSuitesLocally(TestNG.java:1109)
	at org.testng.TestNG.runSuites(TestNG.java:1039)
	at org.testng.TestNG.run(TestNG.java:1007)
	at org.testng.remote.AbstractRemoteTestNG.run(AbstractRemoteTestNG.java:115)
	at org.testng.remote.RemoteTestNG.initAndRun(RemoteTestNG.java:251)
	at org.testng.remote.RemoteTestNG.main(RemoteTestNG.java:77)

</div> <!-- stack-trace -->
                </div> <!-- method-content -->
              </div> <!-- method -->
              <div class="method">
                <div class="method-content">
                  <a name="checkThatPasswordFieldShouldHaveSmalLetter">
                  </a> <!-- checkThatPasswordFieldShouldHaveSmalLetter -->
                  <span class="method-name">checkThatPasswordFieldShouldHaveSmalLetter</span>
                  <div class="stack-trace">java.lang.AssertionError: System not validate that password field should have at least one small letter or error message not appear
	at org.testng.Assert.fail(Assert.java:97)
	at testcases.TestCases.checkThatPasswordFieldShouldHaveSmalLetter(TestCases.java:348)
	at sun.reflect.NativeMethodAccessorImpl.invoke0(Native Method)
	at sun.reflect.NativeMethodAccessorImpl.invoke(Unknown Source)
	at sun.reflect.DelegatingMethodAccessorImpl.invoke(Unknown Source)
	at java.lang.reflect.Method.invoke(Unknown Source)
	at org.testng.internal.MethodInvocationHelper.invokeMethod(MethodInvocationHelper.java:134)
	at org.testng.internal.TestInvoker.invokeMethod(TestInvoker.java:597)
	at org.testng.internal.TestInvoker.invokeTestMethod(TestInvoker.java:173)
	at org.testng.internal.MethodRunner.runInSequence(MethodRunner.java:46)
	at org.testng.internal.TestInvoker$MethodInvocationAgent.invoke(TestInvoker.java:816)
	at org.testng.internal.TestInvoker.invokeTestMethods(TestInvoker.java:146)
	at org.testng.internal.TestMethodWorker.invokeTestMethods(TestMethodWorker.java:146)
	at org.testng.internal.TestMethodWorker.run(TestMethodWorker.java:128)
	at java.util.ArrayList.forEach(Unknown Source)
	at org.testng.TestRunner.privateRun(TestRunner.java:766)
	at org.testng.TestRunner.run(TestRunner.java:587)
	at org.testng.SuiteRunner.runTest(SuiteRunner.java:384)
	at org.testng.SuiteRunner.runSequentially(SuiteRunner.java:378)
	at org.testng.SuiteRunner.privateRun(SuiteRunner.java:337)
	at org.testng.SuiteRunner.run(SuiteRunner.java:286)
	at org.testng.SuiteRunnerWorker.runSuite(SuiteRunnerWorker.java:53)
	at org.testng.SuiteRunnerWorker.run(SuiteRunnerWorker.java:96)
	at org.testng.TestNG.runSuitesSequentially(TestNG.java:1187)
	at org.testng.TestNG.runSuitesLocally(TestNG.java:1109)
	at org.testng.TestNG.runSuites(TestNG.java:1039)
	at org.testng.TestNG.run(TestNG.java:1007)
	at org.testng.remote.AbstractRemoteTestNG.run(AbstractRemoteTestNG.java:115)
	at org.testng.remote.RemoteTestNG.initAndRun(RemoteTestNG.java:251)
	at org.testng.remote.RemoteTestNG.main(RemoteTestNG.java:77)

</div> <!-- stack-trace -->
                </div> <!-- method-content -->
              </div> <!-- method -->
              <div class="method">
                <div class="method-content">
                  <a name="checkThatSystemValidateMobileNumberCorrectly">
                  </a> <!-- checkThatSystemValidateMobileNumberCorrectly -->
                  <span class="method-name">checkThatSystemValidateMobileNumberCorrectly</span>
                  <div class="stack-trace">java.lang.AssertionError: System not validate mobile number or error message not appear
	at org.testng.Assert.fail(Assert.java:97)
	at testcases.TestCases.checkThatSystemValidateMobileNumberCorrectly(TestCases.java:253)
	at sun.reflect.NativeMethodAccessorImpl.invoke0(Native Method)
	at sun.reflect.NativeMethodAccessorImpl.invoke(Unknown Source)
	at sun.reflect.DelegatingMethodAccessorImpl.invoke(Unknown Source)
	at java.lang.reflect.Method.invoke(Unknown Source)
	at org.testng.internal.MethodInvocationHelper.invokeMethod(MethodInvocationHelper.java:134)
	at org.testng.internal.TestInvoker.invokeMethod(TestInvoker.java:597)
	at org.testng.internal.TestInvoker.invokeTestMethod(TestInvoker.java:173)
	at org.testng.internal.MethodRunner.runInSequence(MethodRunner.java:46)
	at org.testng.internal.TestInvoker$MethodInvocationAgent.invoke(TestInvoker.java:816)
	at org.testng.internal.TestInvoker.invokeTestMethods(TestInvoker.java:146)
	at org.testng.internal.TestMethodWorker.invokeTestMethods(TestMethodWorker.java:146)
	at org.testng.internal.TestMethodWorker.run(TestMethodWorker.java:128)
	at java.util.ArrayList.forEach(Unknown Source)
	at org.testng.TestRunner.privateRun(TestRunner.java:766)
	at org.testng.TestRunner.run(TestRunner.java:587)
	at org.testng.SuiteRunner.runTest(SuiteRunner.java:384)
	at org.testng.SuiteRunner.runSequentially(SuiteRunner.java:378)
	at org.testng.SuiteRunner.privateRun(SuiteRunner.java:337)
	at org.testng.SuiteRunner.run(SuiteRunner.java:286)
	at org.testng.SuiteRunnerWorker.runSuite(SuiteRunnerWorker.java:53)
	at org.testng.SuiteRunnerWorker.run(SuiteRunnerWorker.java:96)
	at org.testng.TestNG.runSuitesSequentially(TestNG.java:1187)
	at org.testng.TestNG.runSuitesLocally(TestNG.java:1109)
	at org.testng.TestNG.runSuites(TestNG.java:1039)
	at org.testng.TestNG.run(TestNG.java:1007)
	at org.testng.remote.AbstractRemoteTestNG.run(AbstractRemoteTestNG.java:115)
	at org.testng.remote.RemoteTestNG.initAndRun(RemoteTestNG.java:251)
	at org.testng.remote.RemoteTestNG.main(RemoteTestNG.java:77)

</div> <!-- stack-trace -->
                </div> <!-- method-content -->
              </div> <!-- method -->
              <div class="method">
                <div class="method-content">
                  <a name="checkThatSystemValidateMobileNumberNotLessThanElevenNumbers">
                  </a> <!-- checkThatSystemValidateMobileNumberNotLessThanElevenNumbers -->
                  <span class="method-name">checkThatSystemValidateMobileNumberNotLessThanElevenNumbers</span>
                  <div class="stack-trace">java.lang.AssertionError: System not validate mobile number should not less than 11 numbers or error message not appear
	at org.testng.Assert.fail(Assert.java:97)
	at testcases.TestCases.checkThatSystemValidateMobileNumberNotLessThanElevenNumbers(TestCases.java:285)
	at sun.reflect.NativeMethodAccessorImpl.invoke0(Native Method)
	at sun.reflect.NativeMethodAccessorImpl.invoke(Unknown Source)
	at sun.reflect.DelegatingMethodAccessorImpl.invoke(Unknown Source)
	at java.lang.reflect.Method.invoke(Unknown Source)
	at org.testng.internal.MethodInvocationHelper.invokeMethod(MethodInvocationHelper.java:134)
	at org.testng.internal.TestInvoker.invokeMethod(TestInvoker.java:597)
	at org.testng.internal.TestInvoker.invokeTestMethod(TestInvoker.java:173)
	at org.testng.internal.MethodRunner.runInSequence(MethodRunner.java:46)
	at org.testng.internal.TestInvoker$MethodInvocationAgent.invoke(TestInvoker.java:816)
	at org.testng.internal.TestInvoker.invokeTestMethods(TestInvoker.java:146)
	at org.testng.internal.TestMethodWorker.invokeTestMethods(TestMethodWorker.java:146)
	at org.testng.internal.TestMethodWorker.run(TestMethodWorker.java:128)
	at java.util.ArrayList.forEach(Unknown Source)
	at org.testng.TestRunner.privateRun(TestRunner.java:766)
	at org.testng.TestRunner.run(TestRunner.java:587)
	at org.testng.SuiteRunner.runTest(SuiteRunner.java:384)
	at org.testng.SuiteRunner.runSequentially(SuiteRunner.java:378)
	at org.testng.SuiteRunner.privateRun(SuiteRunner.java:337)
	at org.testng.SuiteRunner.run(SuiteRunner.java:286)
	at org.testng.SuiteRunnerWorker.runSuite(SuiteRunnerWorker.java:53)
	at org.testng.SuiteRunnerWorker.run(SuiteRunnerWorker.java:96)
	at org.testng.TestNG.runSuitesSequentially(TestNG.java:1187)
	at org.testng.TestNG.runSuitesLocally(TestNG.java:1109)
	at org.testng.TestNG.runSuites(TestNG.java:1039)
	at org.testng.TestNG.run(TestNG.java:1007)
	at org.testng.remote.AbstractRemoteTestNG.run(AbstractRemoteTestNG.java:115)
	at org.testng.remote.RemoteTestNG.initAndRun(RemoteTestNG.java:251)
	at org.testng.remote.RemoteTestNG.main(RemoteTestNG.java:77)

</div> <!-- stack-trace -->
                </div> <!-- method-content -->
              </div> <!-- method -->
            </div> <!-- main-panel-content rounded-window-bottom -->
          </div> <!-- suite-Default_suite-class-failed -->
          <div class="suite-Default_suite-class-passed">
            <div class="main-panel-header rounded-window-top">
              <img src="passed.png"/>
              <span class="class-name">testcases.TestCases</span>
            </div> <!-- main-panel-header rounded-window-top -->
            <div class="main-panel-content rounded-window-bottom">
              <div class="method">
                <div class="method-content">
                  <a name="checkThatConfirmPasswordIsMandatoryField">
                  </a> <!-- checkThatConfirmPasswordIsMandatoryField -->
                  <span class="method-name">checkThatConfirmPasswordIsMandatoryField</span>
                </div> <!-- method-content -->
              </div> <!-- method -->
              <div class="method">
                <div class="method-content">
                  <a name="checkThatEmailAddressShouldBeUniqueForEachUser">
                  </a> <!-- checkThatEmailAddressShouldBeUniqueForEachUser -->
                  <span class="method-name">checkThatEmailAddressShouldBeUniqueForEachUser</span>
                </div> <!-- method-content -->
              </div> <!-- method -->
              <div class="method">
                <div class="method-content">
                  <a name="checkThatEmailIsMandatoryField">
                  </a> <!-- checkThatEmailIsMandatoryField -->
                  <span class="method-name">checkThatEmailIsMandatoryField</span>
                </div> <!-- method-content -->
              </div> <!-- method -->
              <div class="method">
                <div class="method-content">
                  <a name="checkThatFirstNameIsMandatoryField">
                  </a> <!-- checkThatFirstNameIsMandatoryField -->
                  <span class="method-name">checkThatFirstNameIsMandatoryField</span>
                </div> <!-- method-content -->
              </div> <!-- method -->
              <div class="method">
                <div class="method-content">
                  <a name="checkThatLastNameIsMandatoryField">
                  </a> <!-- checkThatLastNameIsMandatoryField -->
                  <span class="method-name">checkThatLastNameIsMandatoryField</span>
                </div> <!-- method-content -->
              </div> <!-- method -->
              <div class="method">
                <div class="method-content">
                  <a name="checkThatMobileNumberIsMandtoryField">
                  </a> <!-- checkThatMobileNumberIsMandtoryField -->
                  <span class="method-name">checkThatMobileNumberIsMandtoryField</span>
                </div> <!-- method-content -->
              </div> <!-- method -->
              <div class="method">
                <div class="method-content">
                  <a name="checkThatPasswordAndConfirmPasswordFieldsAreEqual">
                  </a> <!-- checkThatPasswordAndConfirmPasswordFieldsAreEqual -->
                  <span class="method-name">checkThatPasswordAndConfirmPasswordFieldsAreEqual</span>
                </div> <!-- method-content -->
              </div> <!-- method -->
              <div class="method">
                <div class="method-content">
                  <a name="checkThatPasswordFieldMustNotLessThanSixCharacters">
                  </a> <!-- checkThatPasswordFieldMustNotLessThanSixCharacters -->
                  <span class="method-name">checkThatPasswordFieldMustNotLessThanSixCharacters</span>
                </div> <!-- method-content -->
              </div> <!-- method -->
              <div class="method">
                <div class="method-content">
                  <a name="checkThatPasswordIsMandatoryField">
                  </a> <!-- checkThatPasswordIsMandatoryField -->
                  <span class="method-name">checkThatPasswordIsMandatoryField</span>
                </div> <!-- method-content -->
              </div> <!-- method -->
              <div class="method">
                <div class="method-content">
                  <a name="checkThatSystemValidateTheEmailAddressFormatCorrectly">
                  </a> <!-- checkThatSystemValidateTheEmailAddressFormatCorrectly -->
                  <span class="method-name">checkThatSystemValidateTheEmailAddressFormatCorrectly</span>
                </div> <!-- method-content -->
              </div> <!-- method -->
              <div class="method">
                <div class="method-content">
                  <a name="checkThatUserCanRegisterOnTheWebsiteSuccessfully">
                  </a> <!-- checkThatUserCanRegisterOnTheWebsiteSuccessfully -->
                  <span class="method-name">checkThatUserCanRegisterOnTheWebsiteSuccessfully</span>
                </div> <!-- method-content -->
              </div> <!-- method -->
            </div> <!-- main-panel-content rounded-window-bottom -->
          </div> <!-- suite-Default_suite-class-passed -->
        </div> <!-- panel Default_suite -->
        <div panel-name="test-xml-Default_suite" class="panel">
          <div class="main-panel-header rounded-window-top">
            <span class="header-content">C:\Users\user\AppData\Local\Temp\testng-eclipse-1686511831\testng-customsuite.xml</span>
          </div> <!-- main-panel-header rounded-window-top -->
          <div class="main-panel-content rounded-window-bottom">
            <pre>
&lt;?xml version=&quot;1.0&quot; encoding=&quot;UTF-8&quot;?&gt;
&lt;!DOCTYPE suite SYSTEM &quot;https://testng.org/testng-1.0.dtd&quot;&gt;
&lt;suite guice-stage=&quot;DEVELOPMENT&quot; name=&quot;Default suite&quot;&gt;
  &lt;test thread-count=&quot;5&quot; verbose=&quot;2&quot; name=&quot;Default test&quot;&gt;
    &lt;classes&gt;
      &lt;class name=&quot;testcases.TestCases&quot;/&gt;
    &lt;/classes&gt;
  &lt;/test&gt; &lt;!-- Default test --&gt;
&lt;/suite&gt; &lt;!-- Default suite --&gt;
            </pre>
          </div> <!-- main-panel-content rounded-window-bottom -->
        </div> <!-- panel -->
        <div panel-name="testlist-Default_suite" class="panel">
          <div class="main-panel-header rounded-window-top">
            <span class="header-content">Tests for Default suite</span>
          </div> <!-- main-panel-header rounded-window-top -->
          <div class="main-panel-content rounded-window-bottom">
            <ul>
              <li>
                <span class="test-name">Default test (1 class)</span>
              </li>
            </ul>
          </div> <!-- main-panel-content rounded-window-bottom -->
        </div> <!-- panel -->
        <div panel-name="group-Default_suite" class="panel">
          <div class="main-panel-header rounded-window-top">
            <span class="header-content">Groups for Default suite</span>
          </div> <!-- main-panel-header rounded-window-top -->
          <div class="main-panel-content rounded-window-bottom">
          </div> <!-- main-panel-content rounded-window-bottom -->
        </div> <!-- panel -->
        <div panel-name="times-Default_suite" class="panel">
          <div class="main-panel-header rounded-window-top">
            <span class="header-content">Times for Default suite</span>
          </div> <!-- main-panel-header rounded-window-top -->
          <div class="main-panel-content rounded-window-bottom">
            <div class="times-div">
              <script type="text/javascript">
suiteTableInitFunctions.push('tableData_Default_suite');
function tableData_Default_suite() {
var data = new google.visualization.DataTable();
data.addColumn('number', 'Number');
data.addColumn('string', 'Method');
data.addColumn('string', 'Class');
data.addColumn('number', 'Time (ms)');
data.addRows(19);
data.setCell(0, 0, 0)
data.setCell(0, 1, 'checkThatFirstNameNotEqualLastName')
data.setCell(0, 2, 'testcases.TestCases')
data.setCell(0, 3, 6734);
data.setCell(1, 0, 1)
data.setCell(1, 1, 'checkThatSystemValidateMobileNumberCorrectly')
data.setCell(1, 2, 'testcases.TestCases')
data.setCell(1, 3, 6668);
data.setCell(2, 0, 2)
data.setCell(2, 1, 'checkThatFirstNameMustStartWithCapitalLetter')
data.setCell(2, 2, 'testcases.TestCases')
data.setCell(2, 3, 6619);
data.setCell(3, 0, 3)
data.setCell(3, 1, 'checkThatLastNameMustStartWithCapitalLetter')
data.setCell(3, 2, 'testcases.TestCases')
data.setCell(3, 3, 6610);
data.setCell(4, 0, 4)
data.setCell(4, 1, 'checkThatPasswordFieldMustNotExceedEightCharacters')
data.setCell(4, 2, 'testcases.TestCases')
data.setCell(4, 3, 6568);
data.setCell(5, 0, 5)
data.setCell(5, 1, 'checkThatPasswordFieldShouldHaveCapitalLetter')
data.setCell(5, 2, 'testcases.TestCases')
data.setCell(5, 3, 6561);
data.setCell(6, 0, 6)
data.setCell(6, 1, 'checkThatPasswordFieldShouldHaveSmalLetter')
data.setCell(6, 2, 'testcases.TestCases')
data.setCell(6, 3, 6528);
data.setCell(7, 0, 7)
data.setCell(7, 1, 'checkThatSystemValidateMobileNumberNotLessThanElevenNumbers')
data.setCell(7, 2, 'testcases.TestCases')
data.setCell(7, 3, 6413);
data.setCell(8, 0, 8)
data.setCell(8, 1, 'checkThatUserCanRegisterOnTheWebsiteSuccessfully')
data.setCell(8, 2, 'testcases.TestCases')
data.setCell(8, 3, 3001);
data.setCell(9, 0, 9)
data.setCell(9, 1, 'checkThatPasswordAndConfirmPasswordFieldsAreEqual')
data.setCell(9, 2, 'testcases.TestCases')
data.setCell(9, 3, 2569);
data.setCell(10, 0, 10)
data.setCell(10, 1, 'checkThatPasswordFieldMustNotLessThanSixCharacters')
data.setCell(10, 2, 'testcases.TestCases')
data.setCell(10, 3, 2403);
data.setCell(11, 0, 11)
data.setCell(11, 1, 'checkThatEmailAddressShouldBeUniqueForEachUser')
data.setCell(11, 2, 'testcases.TestCases')
data.setCell(11, 3, 2251);
data.setCell(12, 0, 12)
data.setCell(12, 1, 'checkThatSystemValidateTheEmailAddressFormatCorrectly')
data.setCell(12, 2, 'testcases.TestCases')
data.setCell(12, 3, 2214);
data.setCell(13, 0, 13)
data.setCell(13, 1, 'checkThatLastNameIsMandatoryField')
data.setCell(13, 2, 'testcases.TestCases')
data.setCell(13, 3, 1612);
data.setCell(14, 0, 14)
data.setCell(14, 1, 'checkThatFirstNameIsMandatoryField')
data.setCell(14, 2, 'testcases.TestCases')
data.setCell(14, 3, 1488);
data.setCell(15, 0, 15)
data.setCell(15, 1, 'checkThatMobileNumberIsMandtoryField')
data.setCell(15, 2, 'testcases.TestCases')
data.setCell(15, 3, 1480);
data.setCell(16, 0, 16)
data.setCell(16, 1, 'checkThatPasswordIsMandatoryField')
data.setCell(16, 2, 'testcases.TestCases')
data.setCell(16, 3, 1472);
data.setCell(17, 0, 17)
data.setCell(17, 1, 'checkThatConfirmPasswordIsMandatoryField')
data.setCell(17, 2, 'testcases.TestCases')
data.setCell(17, 3, 1301);
data.setCell(18, 0, 18)
data.setCell(18, 1, 'checkThatEmailIsMandatoryField')
data.setCell(18, 2, 'testcases.TestCases')
data.setCell(18, 3, 1201);
window.suiteTableData['Default_suite']= { tableData: data, tableDiv: 'times-div-Default_suite'}
return data;
}
              </script>
              <span class="suite-total-time">Total running time: 1 minutes</span>
              <div id="times-div-Default_suite">
              </div> <!-- times-div-Default_suite -->
            </div> <!-- times-div -->
          </div> <!-- main-panel-content rounded-window-bottom -->
        </div> <!-- panel -->
        <div panel-name="reporter-Default_suite" class="panel">
          <div class="main-panel-header rounded-window-top">
            <span class="header-content">Reporter output for Default suite</span>
          </div> <!-- main-panel-header rounded-window-top -->
          <div class="main-panel-content rounded-window-bottom">
          </div> <!-- main-panel-content rounded-window-bottom -->
        </div> <!-- panel -->
        <div panel-name="ignored-methods-Default_suite" class="panel">
          <div class="main-panel-header rounded-window-top">
            <span class="header-content">0 ignored methods</span>
          </div> <!-- main-panel-header rounded-window-top -->
          <div class="main-panel-content rounded-window-bottom">
          </div> <!-- main-panel-content rounded-window-bottom -->
        </div> <!-- panel -->
        <div panel-name="chronological-Default_suite" class="panel">
          <div class="main-panel-header rounded-window-top">
            <span class="header-content">Methods in chronological order</span>
          </div> <!-- main-panel-header rounded-window-top -->
          <div class="main-panel-content rounded-window-bottom">
            <div class="chronological-class">
              <div class="chronological-class-name">testcases.TestCases</div> <!-- chronological-class-name -->
              <div class="configuration-class before">
                <span class="method-name">setupBrowser</span>
                <span class="method-start">0 ms</span>
              </div> <!-- configuration-class before -->
              <div class="configuration-method before">
                <span class="method-name">goToRegisterPage</span>
                <span class="method-start">15859 ms</span>
              </div> <!-- configuration-method before -->
              <div class="test-method">
                <span class="method-name">checkThatUserCanRegisterOnTheWebsiteSuccessfully</span>
                <span class="method-start">25436 ms</span>
              </div> <!-- test-method -->
              <div class="configuration-method after">
                <span class="method-name">RecordFailure([TestResult name=checkThatUserCanRegisterOnTheWebsiteSuccessfully status=SUCCESS method=TestCases.ch...)</span>
                <span class="method-start">28443 ms</span>
              </div> <!-- configuration-method after -->
              <div class="configuration-method before">
                <span class="method-name">goToRegisterPage</span>
                <span class="method-start">28451 ms</span>
              </div> <!-- configuration-method before -->
              <div class="test-method">
                <span class="method-name">checkThatEmailAddressShouldBeUniqueForEachUser</span>
                <span class="method-start">34430 ms</span>
              </div> <!-- test-method -->
              <div class="configuration-method after">
                <span class="method-name">RecordFailure([TestResult name=checkThatEmailAddressShouldBeUniqueForEachUser status=SUCCESS method=TestCases.chec...)</span>
                <span class="method-start">36684 ms</span>
              </div> <!-- configuration-method after -->
              <div class="configuration-method before">
                <span class="method-name">goToRegisterPage</span>
                <span class="method-start">36684 ms</span>
              </div> <!-- configuration-method before -->
              <div class="test-method">
                <span class="method-name">checkThatSystemValidateTheEmailAddressFormatCorrectly</span>
                <span class="method-start">41632 ms</span>
              </div> <!-- test-method -->
              <div class="configuration-method after">
                <span class="method-name">RecordFailure([TestResult name=checkThatSystemValidateTheEmailAddressFormatCorrectly status=SUCCESS method=TestCas...)</span>
                <span class="method-start">43849 ms</span>
              </div> <!-- configuration-method after -->
              <div class="configuration-method before">
                <span class="method-name">goToRegisterPage</span>
                <span class="method-start">43850 ms</span>
              </div> <!-- configuration-method before -->
              <div class="test-method">
                <span class="method-name">checkThatPasswordAndConfirmPasswordFieldsAreEqual</span>
                <span class="method-start">50531 ms</span>
              </div> <!-- test-method -->
              <div class="configuration-method after">
                <span class="method-name">RecordFailure([TestResult name=checkThatPasswordAndConfirmPasswordFieldsAreEqual status=SUCCESS method=TestCases.c...)</span>
                <span class="method-start">53102 ms</span>
              </div> <!-- configuration-method after -->
              <div class="configuration-method before">
                <span class="method-name">goToRegisterPage</span>
                <span class="method-start">53103 ms</span>
              </div> <!-- configuration-method before -->
              <div class="test-method">
                <img src="failed.png">
                </img>
                <span class="method-name">checkThatFirstNameMustStartWithCapitalLetter</span>
                <span class="method-start">59169 ms</span>
              </div> <!-- test-method -->
              <div class="configuration-method after">
                <span class="method-name">RecordFailure([TestResult name=checkThatFirstNameMustStartWithCapitalLetter status=FAILURE method=TestCases.checkT...)</span>
                <span class="method-start">65794 ms</span>
              </div> <!-- configuration-method after -->
              <div class="configuration-method before">
                <span class="method-name">goToRegisterPage</span>
                <span class="method-start">66244 ms</span>
              </div> <!-- configuration-method before -->
              <div class="test-method">
                <img src="failed.png">
                </img>
                <span class="method-name">checkThatLastNameMustStartWithCapitalLetter</span>
                <span class="method-start">72583 ms</span>
              </div> <!-- test-method -->
              <div class="configuration-method after">
                <span class="method-name">RecordFailure([TestResult name=checkThatLastNameMustStartWithCapitalLetter status=FAILURE method=TestCases.checkTh...)</span>
                <span class="method-start">79196 ms</span>
              </div> <!-- configuration-method after -->
              <div class="configuration-method before">
                <span class="method-name">goToRegisterPage</span>
                <span class="method-start">79502 ms</span>
              </div> <!-- configuration-method before -->
              <div class="test-method">
                <img src="failed.png">
                </img>
                <span class="method-name">checkThatFirstNameNotEqualLastName</span>
                <span class="method-start">85080 ms</span>
              </div> <!-- test-method -->
              <div class="configuration-method after">
                <span class="method-name">RecordFailure([TestResult name=checkThatFirstNameNotEqualLastName status=FAILURE method=TestCases.checkThatFirstNa...)</span>
                <span class="method-start">91820 ms</span>
              </div> <!-- configuration-method after -->
              <div class="configuration-method before">
                <span class="method-name">goToRegisterPage</span>
                <span class="method-start">92106 ms</span>
              </div> <!-- configuration-method before -->
              <div class="test-method">
                <img src="failed.png">
                </img>
                <span class="method-name">checkThatSystemValidateMobileNumberCorrectly</span>
                <span class="method-start">99016 ms</span>
              </div> <!-- test-method -->
              <div class="configuration-method after">
                <span class="method-name">RecordFailure([TestResult name=checkThatSystemValidateMobileNumberCorrectly status=FAILURE method=TestCases.checkT...)</span>
                <span class="method-start">105688 ms</span>
              </div> <!-- configuration-method after -->
              <div class="configuration-method before">
                <span class="method-name">goToRegisterPage</span>
                <span class="method-start">106049 ms</span>
              </div> <!-- configuration-method before -->
              <div class="test-method">
                <img src="failed.png">
                </img>
                <span class="method-name">checkThatSystemValidateMobileNumberNotLessThanElevenNumbers</span>
                <span class="method-start">111782 ms</span>
              </div> <!-- test-method -->
              <div class="configuration-method after">
                <span class="method-name">RecordFailure([TestResult name=checkThatSystemValidateMobileNumberNotLessThanElevenNumbers status=FAILURE method=T...)</span>
                <span class="method-start">118198 ms</span>
              </div> <!-- configuration-method after -->
              <div class="configuration-method before">
                <span class="method-name">goToRegisterPage</span>
                <span class="method-start">118501 ms</span>
              </div> <!-- configuration-method before -->
              <div class="test-method">
                <img src="failed.png">
                </img>
                <span class="method-name">checkThatPasswordFieldShouldHaveCapitalLetter</span>
                <span class="method-start">124204 ms</span>
              </div> <!-- test-method -->
              <div class="configuration-method after">
                <span class="method-name">RecordFailure([TestResult name=checkThatPasswordFieldShouldHaveCapitalLetter status=FAILURE method=TestCases.check...)</span>
                <span class="method-start">130767 ms</span>
              </div> <!-- configuration-method after -->
              <div class="configuration-method before">
                <span class="method-name">goToRegisterPage</span>
                <span class="method-start">131065 ms</span>
              </div> <!-- configuration-method before -->
              <div class="test-method">
                <img src="failed.png">
                </img>
                <span class="method-name">checkThatPasswordFieldShouldHaveSmalLetter</span>
                <span class="method-start">136844 ms</span>
              </div> <!-- test-method -->
              <div class="configuration-method after">
                <span class="method-name">RecordFailure([TestResult name=checkThatPasswordFieldShouldHaveSmalLetter status=FAILURE method=TestCases.checkTha...)</span>
                <span class="method-start">143373 ms</span>
              </div> <!-- configuration-method after -->
              <div class="configuration-method before">
                <span class="method-name">goToRegisterPage</span>
                <span class="method-start">143678 ms</span>
              </div> <!-- configuration-method before -->
              <div class="test-method">
                <img src="failed.png">
                </img>
                <span class="method-name">checkThatPasswordFieldMustNotExceedEightCharacters</span>
                <span class="method-start">149701 ms</span>
              </div> <!-- test-method -->
              <div class="configuration-method after">
                <span class="method-name">RecordFailure([TestResult name=checkThatPasswordFieldMustNotExceedEightCharacters status=FAILURE method=TestCases....)</span>
                <span class="method-start">156272 ms</span>
              </div> <!-- configuration-method after -->
              <div class="configuration-method before">
                <span class="method-name">goToRegisterPage</span>
                <span class="method-start">156569 ms</span>
              </div> <!-- configuration-method before -->
              <div class="test-method">
                <span class="method-name">checkThatPasswordFieldMustNotLessThanSixCharacters</span>
                <span class="method-start">163130 ms</span>
              </div> <!-- test-method -->
              <div class="configuration-method after">
                <span class="method-name">RecordFailure([TestResult name=checkThatPasswordFieldMustNotLessThanSixCharacters status=SUCCESS method=TestCases....)</span>
                <span class="method-start">165534 ms</span>
              </div> <!-- configuration-method after -->
              <div class="configuration-method before">
                <span class="method-name">goToRegisterPage</span>
                <span class="method-start">165535 ms</span>
              </div> <!-- configuration-method before -->
              <div class="test-method">
                <span class="method-name">checkThatFirstNameIsMandatoryField</span>
                <span class="method-start">170911 ms</span>
              </div> <!-- test-method -->
              <div class="configuration-method after">
                <span class="method-name">RecordFailure([TestResult name=checkThatFirstNameIsMandatoryField status=SUCCESS method=TestCases.checkThatFirstNa...)</span>
                <span class="method-start">172405 ms</span>
              </div> <!-- configuration-method after -->
              <div class="configuration-method before">
                <span class="method-name">goToRegisterPage</span>
                <span class="method-start">172407 ms</span>
              </div> <!-- configuration-method before -->
              <div class="test-method">
                <span class="method-name">checkThatLastNameIsMandatoryField</span>
                <span class="method-start">177910 ms</span>
              </div> <!-- test-method -->
              <div class="configuration-method after">
                <span class="method-name">RecordFailure([TestResult name=checkThatLastNameIsMandatoryField status=SUCCESS method=TestCases.checkThatLastName...)</span>
                <span class="method-start">179524 ms</span>
              </div> <!-- configuration-method after -->
              <div class="configuration-method before">
                <span class="method-name">goToRegisterPage</span>
                <span class="method-start">179525 ms</span>
              </div> <!-- configuration-method before -->
              <div class="test-method">
                <span class="method-name">checkThatMobileNumberIsMandtoryField</span>
                <span class="method-start">185234 ms</span>
              </div> <!-- test-method -->
              <div class="configuration-method after">
                <span class="method-name">RecordFailure([TestResult name=checkThatMobileNumberIsMandtoryField status=SUCCESS method=TestCases.checkThatMobil...)</span>
                <span class="method-start">186716 ms</span>
              </div> <!-- configuration-method after -->
              <div class="configuration-method before">
                <span class="method-name">goToRegisterPage</span>
                <span class="method-start">186719 ms</span>
              </div> <!-- configuration-method before -->
              <div class="test-method">
                <span class="method-name">checkThatEmailIsMandatoryField</span>
                <span class="method-start">192242 ms</span>
              </div> <!-- test-method -->
              <div class="configuration-method after">
                <span class="method-name">RecordFailure([TestResult name=checkThatEmailIsMandatoryField status=SUCCESS method=TestCases.checkThatEmailIsMand...)</span>
                <span class="method-start">193445 ms</span>
              </div> <!-- configuration-method after -->
              <div class="configuration-method before">
                <span class="method-name">goToRegisterPage</span>
                <span class="method-start">193446 ms</span>
              </div> <!-- configuration-method before -->
              <div class="test-method">
                <span class="method-name">checkThatPasswordIsMandatoryField</span>
                <span class="method-start">199152 ms</span>
              </div> <!-- test-method -->
              <div class="configuration-method after">
                <span class="method-name">RecordFailure([TestResult name=checkThatPasswordIsMandatoryField status=SUCCESS method=TestCases.checkThatPassword...)</span>
                <span class="method-start">200626 ms</span>
              </div> <!-- configuration-method after -->
              <div class="configuration-method before">
                <span class="method-name">goToRegisterPage</span>
                <span class="method-start">200627 ms</span>
              </div> <!-- configuration-method before -->
              <div class="test-method">
                <span class="method-name">checkThatConfirmPasswordIsMandatoryField</span>
                <span class="method-start">205957 ms</span>
              </div> <!-- test-method -->
              <div class="configuration-method after">
                <span class="method-name">RecordFailure([TestResult name=checkThatConfirmPasswordIsMandatoryField status=SUCCESS method=TestCases.checkThatC...)</span>
                <span class="method-start">207260 ms</span>
              </div> <!-- configuration-method after -->
              <div class="configuration-class after">
                <span class="method-name">quiteBrowser</span>
                <span class="method-start">207262 ms</span>
              </div> <!-- configuration-class after -->
          </div> <!-- main-panel-content rounded-window-bottom -->
        </div> <!-- panel -->
      </div> <!-- main-panel-root -->
    </div> <!-- wrapper -->
  </body>
</html>
